c:\users\somatin\airmech\samc\dependencies\sdl\visualc\sdl\x64\release\sdl2.pdb
c:\users\somatin\airmech\samc\dependencies\sdl\visualc\sdl\x64\release\sdl_assert.obj
c:\users\somatin\airmech\samc\dependencies\sdl\visualc\sdl\x64\release\sdl_dataqueue.obj
c:\users\somatin\airmech\samc\dependencies\sdl\visualc\sdl\x64\release\sdl.obj
c:\users\somatin\airmech\samc\dependencies\sdl\visualc\sdl\x64\release\s_tan.obj
c:\users\somatin\airmech\samc\dependencies\sdl\visualc\sdl\x64\release\s_sin.obj
c:\users\somatin\airmech\samc\dependencies\sdl\visualc\sdl\x64\release\s_scalbn.obj
c:\users\somatin\airmech\samc\dependencies\sdl\visualc\sdl\x64\release\s_floor.obj
c:\users\somatin\airmech\samc\dependencies\sdl\visualc\sdl\x64\release\s_fabs.obj
c:\users\somatin\airmech\samc\dependencies\sdl\visualc\sdl\x64\release\s_cos.obj
c:\users\somatin\airmech\samc\dependencies\sdl\visualc\sdl\x64\release\s_copysign.obj
c:\users\somatin\airmech\samc\dependencies\sdl\visualc\sdl\x64\release\s_atan.obj
c:\users\somatin\airmech\samc\dependencies\sdl\visualc\sdl\x64\release\k_tan.obj
c:\users\somatin\airmech\samc\dependencies\sdl\visualc\sdl\x64\release\k_sin.obj
c:\users\somatin\airmech\samc\dependencies\sdl\visualc\sdl\x64\release\k_rem_pio2.obj
c:\users\somatin\airmech\samc\dependencies\sdl\visualc\sdl\x64\release\k_cos.obj
c:\users\somatin\airmech\samc\dependencies\sdl\visualc\sdl\x64\release\e_sqrt.obj
c:\users\somatin\airmech\samc\dependencies\sdl\visualc\sdl\x64\release\e_rem_pio2.obj
c:\users\somatin\airmech\samc\dependencies\sdl\visualc\sdl\x64\release\e_pow.obj
c:\users\somatin\airmech\samc\dependencies\sdl\visualc\sdl\x64\release\e_log.obj
c:\users\somatin\airmech\samc\dependencies\sdl\visualc\sdl\x64\release\e_atan2.obj
c:\users\somatin\airmech\samc\dependencies\sdl\visualc\sdl\x64\release\sdl_cpuinfo.obj
c:\users\somatin\airmech\samc\dependencies\sdl\visualc\sdl\x64\release\sdl_clipboardevents.obj
c:\users\somatin\airmech\samc\dependencies\sdl\visualc\sdl\x64\release\sdl_clipboard.obj
c:\users\somatin\airmech\samc\dependencies\sdl\visualc\sdl\x64\release\sdl_bmp.obj
c:\users\somatin\airmech\samc\dependencies\sdl\visualc\sdl\x64\release\sdl_blit_slow.obj
c:\users\somatin\airmech\samc\dependencies\sdl\visualc\sdl\x64\release\sdl_blit_n.obj
c:\users\somatin\airmech\samc\dependencies\sdl\visualc\sdl\x64\release\sdl_blit_copy.obj
c:\users\somatin\airmech\samc\dependencies\sdl\visualc\sdl\x64\release\sdl_blit_auto.obj
c:\users\somatin\airmech\samc\dependencies\sdl\visualc\sdl\x64\release\sdl_blit_a.obj
c:\users\somatin\airmech\samc\dependencies\sdl\visualc\sdl\x64\release\sdl_blit_1.obj
c:\users\somatin\airmech\samc\dependencies\sdl\visualc\sdl\x64\release\sdl_blit_0.obj
c:\users\somatin\airmech\samc\dependencies\sdl\visualc\sdl\x64\release\sdl_blit.obj
c:\users\somatin\airmech\samc\dependencies\sdl\visualc\sdl\x64\release\sdl_blendpoint.obj
c:\users\somatin\airmech\samc\dependencies\sdl\visualc\sdl\x64\release\sdl_blendline.obj
c:\users\somatin\airmech\samc\dependencies\sdl\visualc\sdl\x64\release\sdl_blendfillrect.obj
c:\users\somatin\airmech\samc\dependencies\sdl\visualc\sdl\x64\release\sdl_audiotypecvt.obj
c:\users\somatin\airmech\samc\dependencies\sdl\visualc\sdl\x64\release\sdl_audiodev.obj
c:\users\somatin\airmech\samc\dependencies\sdl\visualc\sdl\x64\release\sdl_audiocvt.obj
c:\users\somatin\airmech\samc\dependencies\sdl\visualc\sdl\x64\release\sdl_audio.obj
c:\users\somatin\airmech\samc\dependencies\sdl\visualc\sdl\x64\release\sdl_atomic.obj
c:\users\somatin\airmech\samc\dependencies\sdl\visualc\sdl\x64\release\sdl_iconv.obj
c:\users\somatin\airmech\samc\dependencies\sdl\visualc\sdl\x64\release\sdl_hints.obj
c:\users\somatin\airmech\samc\dependencies\sdl\visualc\sdl\x64\release\sdl_haptic.obj
c:\users\somatin\airmech\samc\dependencies\sdl\visualc\sdl\x64\release\sdl_getenv.obj
c:\users\somatin\airmech\samc\dependencies\sdl\visualc\sdl\x64\release\sdl_gesture.obj
c:\users\somatin\airmech\samc\dependencies\sdl\visualc\sdl\x64\release\sdl_gamecontroller.obj
c:\users\somatin\airmech\samc\dependencies\sdl\visualc\sdl\x64\release\sdl_fillrect.obj
c:\users\somatin\airmech\samc\dependencies\sdl\visualc\sdl\x64\release\sdl_events.obj
c:\users\somatin\airmech\samc\dependencies\sdl\visualc\sdl\x64\release\sdl_error.obj
c:\users\somatin\airmech\samc\dependencies\sdl\visualc\sdl\x64\release\sdl_egl.obj
c:\users\somatin\airmech\samc\dependencies\sdl\visualc\sdl\x64\release\sdl_dynapi.obj
c:\users\somatin\airmech\samc\dependencies\sdl\visualc\sdl\x64\release\sdl_dummyaudio.obj
c:\users\somatin\airmech\samc\dependencies\sdl\visualc\sdl\x64\release\sdl_dropevents.obj
c:\users\somatin\airmech\samc\dependencies\sdl\visualc\sdl\x64\release\sdl_drawpoint.obj
c:\users\somatin\airmech\samc\dependencies\sdl\visualc\sdl\x64\release\sdl_drawline.obj
c:\users\somatin\airmech\samc\dependencies\sdl\visualc\sdl\x64\release\sdl_diskaudio.obj
c:\users\somatin\airmech\samc\dependencies\sdl\visualc\sdl\x64\release\sdl_directsound.obj
c:\users\somatin\airmech\samc\dependencies\sdl\visualc\sdl\x64\release\sdl_dinputjoystick.obj
c:\users\somatin\airmech\samc\dependencies\sdl\visualc\sdl\x64\release\sdl_dinputhaptic.obj
c:\users\somatin\airmech\samc\dependencies\sdl\visualc\sdl\x64\release\sdl_d3dmath.obj
c:\users\somatin\airmech\samc\dependencies\sdl\visualc\sdl\x64\release\sdl_render_gles2.obj
c:\users\somatin\airmech\samc\dependencies\sdl\visualc\sdl\x64\release\sdl_render_gl.obj
c:\users\somatin\airmech\samc\dependencies\sdl\visualc\sdl\x64\release\sdl_render_d3d11.obj
c:\users\somatin\airmech\samc\dependencies\sdl\visualc\sdl\x64\release\sdl_render_d3d.obj
c:\users\somatin\airmech\samc\dependencies\sdl\visualc\sdl\x64\release\sdl_render.obj
c:\users\somatin\airmech\samc\dependencies\sdl\visualc\sdl\x64\release\sdl_rect.obj
c:\users\somatin\airmech\samc\dependencies\sdl\visualc\sdl\x64\release\sdl_quit.obj
c:\users\somatin\airmech\samc\dependencies\sdl\visualc\sdl\x64\release\sdl_qsort.obj
c:\users\somatin\airmech\samc\dependencies\sdl\visualc\sdl\x64\release\sdl_power.obj
c:\users\somatin\airmech\samc\dependencies\sdl\visualc\sdl\x64\release\sdl_pixels.obj
c:\users\somatin\airmech\samc\dependencies\sdl\visualc\sdl\x64\release\sdl_nullvideo.obj
c:\users\somatin\airmech\samc\dependencies\sdl\visualc\sdl\x64\release\sdl_nullframebuffer.obj
c:\users\somatin\airmech\samc\dependencies\sdl\visualc\sdl\x64\release\sdl_nullevents.obj
c:\users\somatin\airmech\samc\dependencies\sdl\visualc\sdl\x64\release\sdl_mouse.obj
c:\users\somatin\airmech\samc\dependencies\sdl\visualc\sdl\x64\release\sdl_mmjoystick.obj
c:\users\somatin\airmech\samc\dependencies\sdl\visualc\sdl\x64\release\sdl_mixer.obj
c:\users\somatin\airmech\samc\dependencies\sdl\visualc\sdl\x64\release\sdl_malloc.obj
c:\users\somatin\airmech\samc\dependencies\sdl\visualc\sdl\x64\release\sdl_log.obj
c:\users\somatin\airmech\samc\dependencies\sdl\visualc\sdl\x64\release\sdl_keyboard.obj
c:\users\somatin\airmech\samc\dependencies\sdl\visualc\sdl\x64\release\sdl_joystick.obj
c:\users\somatin\airmech\samc\dependencies\sdl\visualc\sdl\x64\release\sdl_systimer.obj
c:\users\somatin\airmech\samc\dependencies\sdl\visualc\sdl\x64\release\sdl_systhread.obj
c:\users\somatin\airmech\samc\dependencies\sdl\visualc\sdl\x64\release\sdl_syssem.obj
c:\users\somatin\airmech\samc\dependencies\sdl\visualc\sdl\x64\release\sdl_syspower.obj
c:\users\somatin\airmech\samc\dependencies\sdl\visualc\sdl\x64\release\sdl_sysmutex.obj
c:\users\somatin\airmech\samc\dependencies\sdl\visualc\sdl\x64\release\sdl_sysloadso.obj
c:\users\somatin\airmech\samc\dependencies\sdl\visualc\sdl\x64\release\sdl_sysfilesystem.obj
c:\users\somatin\airmech\samc\dependencies\sdl\visualc\sdl\x64\release\sdl_syscond.obj
c:\users\somatin\airmech\samc\dependencies\sdl\visualc\sdl\x64\release\sdl_surface.obj
c:\users\somatin\airmech\samc\dependencies\sdl\visualc\sdl\x64\release\sdl_string.obj
c:\users\somatin\airmech\samc\dependencies\sdl\visualc\sdl\x64\release\sdl_stretch.obj
c:\users\somatin\airmech\samc\dependencies\sdl\visualc\sdl\x64\release\sdl_stdlib.obj
c:\users\somatin\airmech\samc\dependencies\sdl\visualc\sdl\x64\release\sdl_spinlock.obj
c:\users\somatin\airmech\samc\dependencies\sdl\visualc\sdl\x64\release\sdl_shape.obj
c:\users\somatin\airmech\samc\dependencies\sdl\visualc\sdl\x64\release\sdl_shaders_gles2.obj
c:\users\somatin\airmech\samc\dependencies\sdl\visualc\sdl\x64\release\sdl_shaders_gl.obj
c:\users\somatin\airmech\samc\dependencies\sdl\visualc\sdl\x64\release\sdl_rwops.obj
c:\users\somatin\airmech\samc\dependencies\sdl\visualc\sdl\x64\release\sdl_rotate.obj
c:\users\somatin\airmech\samc\dependencies\sdl\visualc\sdl\x64\release\sdl_rleaccel.obj
c:\users\somatin\airmech\samc\dependencies\sdl\visualc\sdl\x64\release\sdl_render_sw.obj
c:\users\somatin\airmech\samc\dependencies\sdl\visualc\sdl\x64\release\sdl_windowsshape.obj
c:\users\somatin\airmech\samc\dependencies\sdl\visualc\sdl\x64\release\sdl_windowsopengles.obj
c:\users\somatin\airmech\samc\dependencies\sdl\visualc\sdl\x64\release\sdl_windowsopengl.obj
c:\users\somatin\airmech\samc\dependencies\sdl\visualc\sdl\x64\release\sdl_windowsmouse.obj
c:\users\somatin\airmech\samc\dependencies\sdl\visualc\sdl\x64\release\sdl_windowsmodes.obj
c:\users\somatin\airmech\samc\dependencies\sdl\visualc\sdl\x64\release\sdl_windowsmessagebox.obj
c:\users\somatin\airmech\samc\dependencies\sdl\visualc\sdl\x64\release\sdl_windowskeyboard.obj
c:\users\somatin\airmech\samc\dependencies\sdl\visualc\sdl\x64\release\sdl_windowsjoystick.obj
c:\users\somatin\airmech\samc\dependencies\sdl\visualc\sdl\x64\release\sdl_windowshaptic.obj
c:\users\somatin\airmech\samc\dependencies\sdl\visualc\sdl\x64\release\sdl_windowsframebuffer.obj
c:\users\somatin\airmech\samc\dependencies\sdl\visualc\sdl\x64\release\sdl_windowsevents.obj
c:\users\somatin\airmech\samc\dependencies\sdl\visualc\sdl\x64\release\sdl_windowsclipboard.obj
c:\users\somatin\airmech\samc\dependencies\sdl\visualc\sdl\x64\release\sdl_windows.obj
c:\users\somatin\airmech\samc\dependencies\sdl\visualc\sdl\x64\release\sdl_windowevents.obj
c:\users\somatin\airmech\samc\dependencies\sdl\visualc\sdl\x64\release\sdl_wave.obj
c:\users\somatin\airmech\samc\dependencies\sdl\visualc\sdl\x64\release\sdl_video.obj
c:\users\somatin\airmech\samc\dependencies\sdl\visualc\sdl\x64\release\sdl_touch.obj
c:\users\somatin\airmech\samc\dependencies\sdl\visualc\sdl\x64\release\sdl_timer.obj
c:\users\somatin\airmech\samc\dependencies\sdl\visualc\sdl\x64\release\sdl_thread.obj
c:\users\somatin\airmech\samc\dependencies\sdl\visualc\sdl\x64\release\sdl_systls.obj
c:\users\somatin\airmech\samc\dependencies\sdl\visualc\sdl\x64\release\sdl_yuv_sw.obj
c:\users\somatin\airmech\samc\dependencies\sdl\visualc\sdl\x64\release\sdl_yuv_mmx.obj
c:\users\somatin\airmech\samc\dependencies\sdl\visualc\sdl\x64\release\sdl_xinputjoystick.obj
c:\users\somatin\airmech\samc\dependencies\sdl\visualc\sdl\x64\release\sdl_xinputhaptic.obj
c:\users\somatin\airmech\samc\dependencies\sdl\visualc\sdl\x64\release\sdl_xinput.obj
c:\users\somatin\airmech\samc\dependencies\sdl\visualc\sdl\x64\release\sdl_xaudio2.obj
c:\users\somatin\airmech\samc\dependencies\sdl\visualc\sdl\x64\release\sdl_winmm.obj
c:\users\somatin\airmech\samc\dependencies\sdl\visualc\sdl\x64\release\sdl_wasapi.obj
c:\users\somatin\airmech\samc\dependencies\sdl\visualc\sdl\x64\release\sdl_windowswindow.obj
c:\users\somatin\airmech\samc\dependencies\sdl\visualc\sdl\x64\release\sdl_windowsvideo.obj
c:\users\somatin\airmech\samc\dependencies\sdl\visualc\x64\release\sdl2.lib
c:\users\somatin\airmech\samc\dependencies\sdl\visualc\sdl\x64\release\version.res
c:\users\somatin\airmech\samc\dependencies\sdl\visualc\sdl\x64\release\sdl2.tlog\cl.command.1.tlog
c:\users\somatin\airmech\samc\dependencies\sdl\visualc\sdl\x64\release\sdl2.tlog\cl.read.1.tlog
c:\users\somatin\airmech\samc\dependencies\sdl\visualc\sdl\x64\release\sdl2.tlog\cl.write.1.tlog
c:\users\somatin\airmech\samc\dependencies\sdl\visualc\sdl\x64\release\sdl2.tlog\lib-link-cvtres.read.1.tlog
c:\users\somatin\airmech\samc\dependencies\sdl\visualc\sdl\x64\release\sdl2.tlog\lib-link-cvtres.write.1.tlog
c:\users\somatin\airmech\samc\dependencies\sdl\visualc\sdl\x64\release\sdl2.tlog\lib.command.1.tlog
c:\users\somatin\airmech\samc\dependencies\sdl\visualc\sdl\x64\release\sdl2.tlog\rc.command.1.tlog
c:\users\somatin\airmech\samc\dependencies\sdl\visualc\sdl\x64\release\sdl2.tlog\rc.read.1.tlog
c:\users\somatin\airmech\samc\dependencies\sdl\visualc\sdl\x64\release\sdl2.tlog\rc.write.1.tlog
